2014-08-06 21:45:25,376 - SimpleLog4JLogSystem initialized using logfile 'velocity.log'
2014-08-06 21:45:25,376 - ************************************************************** 
2014-08-06 21:45:25,376 - Starting Jakarta Velocity v1.4
2014-08-06 21:45:25,376 - RuntimeInstance initializing.
2014-08-06 21:45:25,376 - Default Properties File: org/apache/velocity/runtime/defaults/velocity.properties
2014-08-06 21:45:25,376 - Trying to use logger class org.apache.velocity.runtime.log.SimpleLog4JLogSystem
2014-08-06 21:45:25,376 - Using logger class org.apache.velocity.runtime.log.SimpleLog4JLogSystem
2014-08-06 21:45:25,378 - Default ResourceManager initializing. (class org.apache.velocity.runtime.resource.ResourceManagerImpl)
2014-08-06 21:45:25,379 - Resource Loader Instantiated: org.apache.velocity.runtime.resource.loader.ClasspathResourceLoader
2014-08-06 21:45:25,379 - ClasspathResourceLoader : initialization starting.
2014-08-06 21:45:25,379 - ClasspathResourceLoader : initialization complete.
2014-08-06 21:45:25,380 - ResourceCache : initialized. (class org.apache.velocity.runtime.resource.ResourceCacheImpl)
2014-08-06 21:45:25,380 - Default ResourceManager initialization complete.
2014-08-06 21:45:25,381 - Loaded System Directive: org.apache.velocity.runtime.directive.Literal
2014-08-06 21:45:25,382 - Loaded System Directive: org.apache.velocity.runtime.directive.Macro
2014-08-06 21:45:25,383 - Loaded System Directive: org.apache.velocity.runtime.directive.Parse
2014-08-06 21:45:25,385 - Loaded System Directive: org.apache.velocity.runtime.directive.Include
2014-08-06 21:45:25,385 - Loaded System Directive: org.apache.velocity.runtime.directive.Foreach
2014-08-06 21:45:25,405 - Created: 20 parsers.
2014-08-06 21:45:25,409 - Velocimacro : initialization starting.
2014-08-06 21:45:25,409 - Velocimacro : adding VMs from VM library template : VM_global_library.vm
2014-08-06 21:45:25,412 - ResourceManager : unable to find resource 'VM_global_library.vm' in any resource loader.
2014-08-06 21:45:25,412 - Velocimacro : error using  VM library template VM_global_library.vm : org.apache.velocity.exception.ResourceNotFoundException: Unable to find resource 'VM_global_library.vm'
2014-08-06 21:45:25,412 - Velocimacro :  VM library template macro registration complete.
2014-08-06 21:45:25,412 - Velocimacro : allowInline = true : VMs can be defined inline in templates
2014-08-06 21:45:25,412 - Velocimacro : allowInlineToOverride = false : VMs defined inline may NOT replace previous VM definitions
2014-08-06 21:45:25,412 - Velocimacro : allowInlineLocal = false : VMs defined inline will be  global in scope if allowed.
2014-08-06 21:45:25,412 - Velocimacro : messages on  : VM system will output logging messages
2014-08-06 21:45:25,412 - Velocimacro : autoload off  : VM system will not automatically reload global library macros
2014-08-06 21:45:25,412 - Velocimacro : initialization complete.
2014-08-06 21:45:25,412 - Velocity successfully started.
2014-08-06 21:47:38,351 - ResourceManager : found repast/simphony/scenario/Scenario.vt with loader org.apache.velocity.runtime.resource.loader.ClasspathResourceLoader
2014-08-06 21:48:39,399 - ResourceManager : found repast/simphony/scenario/Scenario.vt with loader org.apache.velocity.runtime.resource.loader.ClasspathResourceLoader
2014-08-06 21:49:29,393 - ResourceManager : found repast/simphony/scenario/Scenario.vt with loader org.apache.velocity.runtime.resource.loader.ClasspathResourceLoader
2014-08-06 21:50:01,643 - SimpleLog4JLogSystem initialized using logfile 'velocity.log'
2014-08-06 21:50:01,643 - ************************************************************** 
2014-08-06 21:50:01,643 - Starting Jakarta Velocity v1.4
2014-08-06 21:50:01,643 - RuntimeInstance initializing.
2014-08-06 21:50:01,643 - Default Properties File: org/apache/velocity/runtime/defaults/velocity.properties
2014-08-06 21:50:01,643 - Trying to use logger class org.apache.velocity.runtime.log.SimpleLog4JLogSystem
2014-08-06 21:50:01,643 - Using logger class org.apache.velocity.runtime.log.SimpleLog4JLogSystem
2014-08-06 21:50:01,645 - Default ResourceManager initializing. (class org.apache.velocity.runtime.resource.ResourceManagerImpl)
2014-08-06 21:50:01,646 - Resource Loader Instantiated: org.apache.velocity.runtime.resource.loader.ClasspathResourceLoader
2014-08-06 21:50:01,647 - ClasspathResourceLoader : initialization starting.
2014-08-06 21:50:01,647 - ClasspathResourceLoader : initialization complete.
2014-08-06 21:50:01,647 - ResourceCache : initialized. (class org.apache.velocity.runtime.resource.ResourceCacheImpl)
2014-08-06 21:50:01,647 - Default ResourceManager initialization complete.
2014-08-06 21:50:01,648 - Loaded System Directive: org.apache.velocity.runtime.directive.Literal
2014-08-06 21:50:01,649 - Loaded System Directive: org.apache.velocity.runtime.directive.Macro
2014-08-06 21:50:01,651 - Loaded System Directive: org.apache.velocity.runtime.directive.Parse
2014-08-06 21:50:01,652 - Loaded System Directive: org.apache.velocity.runtime.directive.Include
2014-08-06 21:50:01,653 - Loaded System Directive: org.apache.velocity.runtime.directive.Foreach
2014-08-06 21:50:01,672 - Created: 20 parsers.
2014-08-06 21:50:01,676 - Velocimacro : initialization starting.
2014-08-06 21:50:01,676 - Velocimacro : adding VMs from VM library template : VM_global_library.vm
2014-08-06 21:50:01,679 - ResourceManager : unable to find resource 'VM_global_library.vm' in any resource loader.
2014-08-06 21:50:01,679 - Velocimacro : error using  VM library template VM_global_library.vm : org.apache.velocity.exception.ResourceNotFoundException: Unable to find resource 'VM_global_library.vm'
2014-08-06 21:50:01,680 - Velocimacro :  VM library template macro registration complete.
2014-08-06 21:50:01,680 - Velocimacro : allowInline = true : VMs can be defined inline in templates
2014-08-06 21:50:01,680 - Velocimacro : allowInlineToOverride = false : VMs defined inline may NOT replace previous VM definitions
2014-08-06 21:50:01,680 - Velocimacro : allowInlineLocal = false : VMs defined inline will be  global in scope if allowed.
2014-08-06 21:50:01,680 - Velocimacro : messages on  : VM system will output logging messages
2014-08-06 21:50:01,680 - Velocimacro : autoload off  : VM system will not automatically reload global library macros
2014-08-06 21:50:01,680 - Velocimacro : initialization complete.
2014-08-06 21:50:01,680 - Velocity successfully started.
2014-08-06 21:57:41,236 - SimpleLog4JLogSystem initialized using logfile 'velocity.log'
2014-08-06 21:57:41,236 - ************************************************************** 
2014-08-06 21:57:41,236 - Starting Jakarta Velocity v1.4
2014-08-06 21:57:41,236 - RuntimeInstance initializing.
2014-08-06 21:57:41,236 - Default Properties File: org/apache/velocity/runtime/defaults/velocity.properties
2014-08-06 21:57:41,236 - Trying to use logger class org.apache.velocity.runtime.log.SimpleLog4JLogSystem
2014-08-06 21:57:41,236 - Using logger class org.apache.velocity.runtime.log.SimpleLog4JLogSystem
2014-08-06 21:57:41,238 - Default ResourceManager initializing. (class org.apache.velocity.runtime.resource.ResourceManagerImpl)
2014-08-06 21:57:41,239 - Resource Loader Instantiated: org.apache.velocity.runtime.resource.loader.ClasspathResourceLoader
2014-08-06 21:57:41,239 - ClasspathResourceLoader : initialization starting.
2014-08-06 21:57:41,239 - ClasspathResourceLoader : initialization complete.
2014-08-06 21:57:41,240 - ResourceCache : initialized. (class org.apache.velocity.runtime.resource.ResourceCacheImpl)
2014-08-06 21:57:41,240 - Default ResourceManager initialization complete.
2014-08-06 21:57:41,241 - Loaded System Directive: org.apache.velocity.runtime.directive.Literal
2014-08-06 21:57:41,242 - Loaded System Directive: org.apache.velocity.runtime.directive.Macro
2014-08-06 21:57:41,243 - Loaded System Directive: org.apache.velocity.runtime.directive.Parse
2014-08-06 21:57:41,244 - Loaded System Directive: org.apache.velocity.runtime.directive.Include
2014-08-06 21:57:41,245 - Loaded System Directive: org.apache.velocity.runtime.directive.Foreach
2014-08-06 21:57:41,265 - Created: 20 parsers.
2014-08-06 21:57:41,269 - Velocimacro : initialization starting.
2014-08-06 21:57:41,269 - Velocimacro : adding VMs from VM library template : VM_global_library.vm
2014-08-06 21:57:41,271 - ResourceManager : unable to find resource 'VM_global_library.vm' in any resource loader.
2014-08-06 21:57:41,271 - Velocimacro : error using  VM library template VM_global_library.vm : org.apache.velocity.exception.ResourceNotFoundException: Unable to find resource 'VM_global_library.vm'
2014-08-06 21:57:41,272 - Velocimacro :  VM library template macro registration complete.
2014-08-06 21:57:41,272 - Velocimacro : allowInline = true : VMs can be defined inline in templates
2014-08-06 21:57:41,272 - Velocimacro : allowInlineToOverride = false : VMs defined inline may NOT replace previous VM definitions
2014-08-06 21:57:41,272 - Velocimacro : allowInlineLocal = false : VMs defined inline will be  global in scope if allowed.
2014-08-06 21:57:41,272 - Velocimacro : messages on  : VM system will output logging messages
2014-08-06 21:57:41,272 - Velocimacro : autoload off  : VM system will not automatically reload global library macros
2014-08-06 21:57:41,272 - Velocimacro : initialization complete.
2014-08-06 21:57:41,272 - Velocity successfully started.
2014-08-06 22:01:04,885 - SimpleLog4JLogSystem initialized using logfile 'velocity.log'
2014-08-06 22:01:04,886 - ************************************************************** 
2014-08-06 22:01:04,886 - Starting Jakarta Velocity v1.4
2014-08-06 22:01:04,886 - RuntimeInstance initializing.
2014-08-06 22:01:04,886 - Default Properties File: org/apache/velocity/runtime/defaults/velocity.properties
2014-08-06 22:01:04,886 - Trying to use logger class org.apache.velocity.runtime.log.SimpleLog4JLogSystem
2014-08-06 22:01:04,886 - Using logger class org.apache.velocity.runtime.log.SimpleLog4JLogSystem
2014-08-06 22:01:04,888 - Default ResourceManager initializing. (class org.apache.velocity.runtime.resource.ResourceManagerImpl)
2014-08-06 22:01:04,889 - Resource Loader Instantiated: org.apache.velocity.runtime.resource.loader.ClasspathResourceLoader
2014-08-06 22:01:04,889 - ClasspathResourceLoader : initialization starting.
2014-08-06 22:01:04,889 - ClasspathResourceLoader : initialization complete.
2014-08-06 22:01:04,890 - ResourceCache : initialized. (class org.apache.velocity.runtime.resource.ResourceCacheImpl)
2014-08-06 22:01:04,890 - Default ResourceManager initialization complete.
2014-08-06 22:01:04,891 - Loaded System Directive: org.apache.velocity.runtime.directive.Literal
2014-08-06 22:01:04,892 - Loaded System Directive: org.apache.velocity.runtime.directive.Macro
2014-08-06 22:01:04,894 - Loaded System Directive: org.apache.velocity.runtime.directive.Parse
2014-08-06 22:01:04,895 - Loaded System Directive: org.apache.velocity.runtime.directive.Include
2014-08-06 22:01:04,895 - Loaded System Directive: org.apache.velocity.runtime.directive.Foreach
2014-08-06 22:01:04,915 - Created: 20 parsers.
2014-08-06 22:01:04,919 - Velocimacro : initialization starting.
2014-08-06 22:01:04,919 - Velocimacro : adding VMs from VM library template : VM_global_library.vm
2014-08-06 22:01:04,922 - ResourceManager : unable to find resource 'VM_global_library.vm' in any resource loader.
2014-08-06 22:01:04,922 - Velocimacro : error using  VM library template VM_global_library.vm : org.apache.velocity.exception.ResourceNotFoundException: Unable to find resource 'VM_global_library.vm'
2014-08-06 22:01:04,922 - Velocimacro :  VM library template macro registration complete.
2014-08-06 22:01:04,922 - Velocimacro : allowInline = true : VMs can be defined inline in templates
2014-08-06 22:01:04,922 - Velocimacro : allowInlineToOverride = false : VMs defined inline may NOT replace previous VM definitions
2014-08-06 22:01:04,922 - Velocimacro : allowInlineLocal = false : VMs defined inline will be  global in scope if allowed.
2014-08-06 22:01:04,922 - Velocimacro : messages on  : VM system will output logging messages
2014-08-06 22:01:04,922 - Velocimacro : autoload off  : VM system will not automatically reload global library macros
2014-08-06 22:01:04,922 - Velocimacro : initialization complete.
2014-08-06 22:01:04,922 - Velocity successfully started.
2014-08-06 22:04:48,556 - SimpleLog4JLogSystem initialized using logfile 'velocity.log'
2014-08-06 22:04:48,557 - ************************************************************** 
2014-08-06 22:04:48,557 - Starting Jakarta Velocity v1.4
2014-08-06 22:04:48,557 - RuntimeInstance initializing.
2014-08-06 22:04:48,557 - Default Properties File: org/apache/velocity/runtime/defaults/velocity.properties
2014-08-06 22:04:48,557 - Trying to use logger class org.apache.velocity.runtime.log.SimpleLog4JLogSystem
2014-08-06 22:04:48,557 - Using logger class org.apache.velocity.runtime.log.SimpleLog4JLogSystem
2014-08-06 22:04:48,559 - Default ResourceManager initializing. (class org.apache.velocity.runtime.resource.ResourceManagerImpl)
2014-08-06 22:04:48,560 - Resource Loader Instantiated: org.apache.velocity.runtime.resource.loader.ClasspathResourceLoader
2014-08-06 22:04:48,560 - ClasspathResourceLoader : initialization starting.
2014-08-06 22:04:48,560 - ClasspathResourceLoader : initialization complete.
2014-08-06 22:04:48,561 - ResourceCache : initialized. (class org.apache.velocity.runtime.resource.ResourceCacheImpl)
2014-08-06 22:04:48,561 - Default ResourceManager initialization complete.
2014-08-06 22:04:48,562 - Loaded System Directive: org.apache.velocity.runtime.directive.Literal
2014-08-06 22:04:48,563 - Loaded System Directive: org.apache.velocity.runtime.directive.Macro
2014-08-06 22:04:48,565 - Loaded System Directive: org.apache.velocity.runtime.directive.Parse
2014-08-06 22:04:48,566 - Loaded System Directive: org.apache.velocity.runtime.directive.Include
2014-08-06 22:04:48,566 - Loaded System Directive: org.apache.velocity.runtime.directive.Foreach
2014-08-06 22:04:48,586 - Created: 20 parsers.
2014-08-06 22:04:48,589 - Velocimacro : initialization starting.
2014-08-06 22:04:48,590 - Velocimacro : adding VMs from VM library template : VM_global_library.vm
2014-08-06 22:04:48,593 - ResourceManager : unable to find resource 'VM_global_library.vm' in any resource loader.
2014-08-06 22:04:48,593 - Velocimacro : error using  VM library template VM_global_library.vm : org.apache.velocity.exception.ResourceNotFoundException: Unable to find resource 'VM_global_library.vm'
2014-08-06 22:04:48,593 - Velocimacro :  VM library template macro registration complete.
2014-08-06 22:04:48,593 - Velocimacro : allowInline = true : VMs can be defined inline in templates
2014-08-06 22:04:48,593 - Velocimacro : allowInlineToOverride = false : VMs defined inline may NOT replace previous VM definitions
2014-08-06 22:04:48,593 - Velocimacro : allowInlineLocal = false : VMs defined inline will be  global in scope if allowed.
2014-08-06 22:04:48,593 - Velocimacro : messages on  : VM system will output logging messages
2014-08-06 22:04:48,593 - Velocimacro : autoload off  : VM system will not automatically reload global library macros
2014-08-06 22:04:48,593 - Velocimacro : initialization complete.
2014-08-06 22:04:48,593 - Velocity successfully started.
2014-08-06 22:07:12,861 - SimpleLog4JLogSystem initialized using logfile 'velocity.log'
2014-08-06 22:07:12,861 - ************************************************************** 
2014-08-06 22:07:12,861 - Starting Jakarta Velocity v1.4
2014-08-06 22:07:12,861 - RuntimeInstance initializing.
2014-08-06 22:07:12,861 - Default Properties File: org/apache/velocity/runtime/defaults/velocity.properties
2014-08-06 22:07:12,861 - Trying to use logger class org.apache.velocity.runtime.log.SimpleLog4JLogSystem
2014-08-06 22:07:12,861 - Using logger class org.apache.velocity.runtime.log.SimpleLog4JLogSystem
2014-08-06 22:07:12,863 - Default ResourceManager initializing. (class org.apache.velocity.runtime.resource.ResourceManagerImpl)
2014-08-06 22:07:12,864 - Resource Loader Instantiated: org.apache.velocity.runtime.resource.loader.ClasspathResourceLoader
2014-08-06 22:07:12,865 - ClasspathResourceLoader : initialization starting.
2014-08-06 22:07:12,865 - ClasspathResourceLoader : initialization complete.
2014-08-06 22:07:12,865 - ResourceCache : initialized. (class org.apache.velocity.runtime.resource.ResourceCacheImpl)
2014-08-06 22:07:12,865 - Default ResourceManager initialization complete.
2014-08-06 22:07:12,866 - Loaded System Directive: org.apache.velocity.runtime.directive.Literal
2014-08-06 22:07:12,867 - Loaded System Directive: org.apache.velocity.runtime.directive.Macro
2014-08-06 22:07:12,869 - Loaded System Directive: org.apache.velocity.runtime.directive.Parse
2014-08-06 22:07:12,870 - Loaded System Directive: org.apache.velocity.runtime.directive.Include
2014-08-06 22:07:12,871 - Loaded System Directive: org.apache.velocity.runtime.directive.Foreach
2014-08-06 22:07:12,890 - Created: 20 parsers.
2014-08-06 22:07:12,894 - Velocimacro : initialization starting.
2014-08-06 22:07:12,894 - Velocimacro : adding VMs from VM library template : VM_global_library.vm
2014-08-06 22:07:12,897 - ResourceManager : unable to find resource 'VM_global_library.vm' in any resource loader.
2014-08-06 22:07:12,897 - Velocimacro : error using  VM library template VM_global_library.vm : org.apache.velocity.exception.ResourceNotFoundException: Unable to find resource 'VM_global_library.vm'
2014-08-06 22:07:12,897 - Velocimacro :  VM library template macro registration complete.
2014-08-06 22:07:12,897 - Velocimacro : allowInline = true : VMs can be defined inline in templates
2014-08-06 22:07:12,897 - Velocimacro : allowInlineToOverride = false : VMs defined inline may NOT replace previous VM definitions
2014-08-06 22:07:12,897 - Velocimacro : allowInlineLocal = false : VMs defined inline will be  global in scope if allowed.
2014-08-06 22:07:12,898 - Velocimacro : messages on  : VM system will output logging messages
2014-08-06 22:07:12,898 - Velocimacro : autoload off  : VM system will not automatically reload global library macros
2014-08-06 22:07:12,898 - Velocimacro : initialization complete.
2014-08-06 22:07:12,898 - Velocity successfully started.
2014-08-06 22:09:02,186 - SimpleLog4JLogSystem initialized using logfile 'velocity.log'
2014-08-06 22:09:02,186 - ************************************************************** 
2014-08-06 22:09:02,186 - Starting Jakarta Velocity v1.4
2014-08-06 22:09:02,186 - RuntimeInstance initializing.
2014-08-06 22:09:02,187 - Default Properties File: org/apache/velocity/runtime/defaults/velocity.properties
2014-08-06 22:09:02,187 - Trying to use logger class org.apache.velocity.runtime.log.SimpleLog4JLogSystem
2014-08-06 22:09:02,187 - Using logger class org.apache.velocity.runtime.log.SimpleLog4JLogSystem
2014-08-06 22:09:02,188 - Default ResourceManager initializing. (class org.apache.velocity.runtime.resource.ResourceManagerImpl)
2014-08-06 22:09:02,190 - Resource Loader Instantiated: org.apache.velocity.runtime.resource.loader.ClasspathResourceLoader
2014-08-06 22:09:02,190 - ClasspathResourceLoader : initialization starting.
2014-08-06 22:09:02,190 - ClasspathResourceLoader : initialization complete.
2014-08-06 22:09:02,191 - ResourceCache : initialized. (class org.apache.velocity.runtime.resource.ResourceCacheImpl)
2014-08-06 22:09:02,191 - Default ResourceManager initialization complete.
2014-08-06 22:09:02,192 - Loaded System Directive: org.apache.velocity.runtime.directive.Literal
2014-08-06 22:09:02,193 - Loaded System Directive: org.apache.velocity.runtime.directive.Macro
2014-08-06 22:09:02,194 - Loaded System Directive: org.apache.velocity.runtime.directive.Parse
2014-08-06 22:09:02,195 - Loaded System Directive: org.apache.velocity.runtime.directive.Include
2014-08-06 22:09:02,196 - Loaded System Directive: org.apache.velocity.runtime.directive.Foreach
2014-08-06 22:09:02,216 - Created: 20 parsers.
2014-08-06 22:09:02,220 - Velocimacro : initialization starting.
2014-08-06 22:09:02,220 - Velocimacro : adding VMs from VM library template : VM_global_library.vm
2014-08-06 22:09:02,222 - ResourceManager : unable to find resource 'VM_global_library.vm' in any resource loader.
2014-08-06 22:09:02,222 - Velocimacro : error using  VM library template VM_global_library.vm : org.apache.velocity.exception.ResourceNotFoundException: Unable to find resource 'VM_global_library.vm'
2014-08-06 22:09:02,222 - Velocimacro :  VM library template macro registration complete.
2014-08-06 22:09:02,223 - Velocimacro : allowInline = true : VMs can be defined inline in templates
2014-08-06 22:09:02,223 - Velocimacro : allowInlineToOverride = false : VMs defined inline may NOT replace previous VM definitions
2014-08-06 22:09:02,223 - Velocimacro : allowInlineLocal = false : VMs defined inline will be  global in scope if allowed.
2014-08-06 22:09:02,223 - Velocimacro : messages on  : VM system will output logging messages
2014-08-06 22:09:02,223 - Velocimacro : autoload off  : VM system will not automatically reload global library macros
2014-08-06 22:09:02,223 - Velocimacro : initialization complete.
2014-08-06 22:09:02,223 - Velocity successfully started.
2014-08-06 22:11:50,450 - SimpleLog4JLogSystem initialized using logfile 'velocity.log'
2014-08-06 22:11:50,450 - ************************************************************** 
2014-08-06 22:11:50,450 - Starting Jakarta Velocity v1.4
2014-08-06 22:11:50,450 - RuntimeInstance initializing.
2014-08-06 22:11:50,450 - Default Properties File: org/apache/velocity/runtime/defaults/velocity.properties
2014-08-06 22:11:50,450 - Trying to use logger class org.apache.velocity.runtime.log.SimpleLog4JLogSystem
2014-08-06 22:11:50,450 - Using logger class org.apache.velocity.runtime.log.SimpleLog4JLogSystem
2014-08-06 22:11:50,452 - Default ResourceManager initializing. (class org.apache.velocity.runtime.resource.ResourceManagerImpl)
2014-08-06 22:11:50,454 - Resource Loader Instantiated: org.apache.velocity.runtime.resource.loader.ClasspathResourceLoader
2014-08-06 22:11:50,454 - ClasspathResourceLoader : initialization starting.
2014-08-06 22:11:50,454 - ClasspathResourceLoader : initialization complete.
2014-08-06 22:11:50,455 - ResourceCache : initialized. (class org.apache.velocity.runtime.resource.ResourceCacheImpl)
2014-08-06 22:11:50,455 - Default ResourceManager initialization complete.
2014-08-06 22:11:50,455 - Loaded System Directive: org.apache.velocity.runtime.directive.Literal
2014-08-06 22:11:50,456 - Loaded System Directive: org.apache.velocity.runtime.directive.Macro
2014-08-06 22:11:50,458 - Loaded System Directive: org.apache.velocity.runtime.directive.Parse
2014-08-06 22:11:50,459 - Loaded System Directive: org.apache.velocity.runtime.directive.Include
2014-08-06 22:11:50,459 - Loaded System Directive: org.apache.velocity.runtime.directive.Foreach
2014-08-06 22:11:50,479 - Created: 20 parsers.
2014-08-06 22:11:50,483 - Velocimacro : initialization starting.
2014-08-06 22:11:50,483 - Velocimacro : adding VMs from VM library template : VM_global_library.vm
2014-08-06 22:11:50,486 - ResourceManager : unable to find resource 'VM_global_library.vm' in any resource loader.
2014-08-06 22:11:50,486 - Velocimacro : error using  VM library template VM_global_library.vm : org.apache.velocity.exception.ResourceNotFoundException: Unable to find resource 'VM_global_library.vm'
2014-08-06 22:11:50,486 - Velocimacro :  VM library template macro registration complete.
2014-08-06 22:11:50,486 - Velocimacro : allowInline = true : VMs can be defined inline in templates
2014-08-06 22:11:50,486 - Velocimacro : allowInlineToOverride = false : VMs defined inline may NOT replace previous VM definitions
2014-08-06 22:11:50,486 - Velocimacro : allowInlineLocal = false : VMs defined inline will be  global in scope if allowed.
2014-08-06 22:11:50,486 - Velocimacro : messages on  : VM system will output logging messages
2014-08-06 22:11:50,486 - Velocimacro : autoload off  : VM system will not automatically reload global library macros
2014-08-06 22:11:50,486 - Velocimacro : initialization complete.
2014-08-06 22:11:50,486 - Velocity successfully started.
